<?xml version="1.0" encoding="UTF-8"?>
<coverage generated="1577305896233" clover="3.2.0">
  <project timestamp="1577305896233" name="All files">
    <metrics statements="16" coveredstatements="16" conditionals="8" coveredconditionals="8" methods="3" coveredmethods="3" elements="27" coveredelements="27" complexity="0" loc="16" ncloc="16" packages="1" files="1" classes="1"/>
    <file name="character.js" path="C:\Users\Vladimir\Downloads\Netology\Домашние задания продвинутый Javascript\Prototypes\2nd task\src\js\character.js">
      <metrics statements="16" coveredstatements="16" conditionals="8" coveredconditionals="8" methods="3" coveredmethods="3"/>
      <line num="2" count="5" type="stmt"/>
      <line num="3" count="5" type="cond" truecount="4" falsecount="0"/>
      <line num="5" count="4" type="stmt"/>
      <line num="14" count="12" type="stmt"/>
      <line num="16" count="4" type="cond" truecount="2" falsecount="0"/>
      <line num="18" count="3" type="stmt"/>
      <line num="19" count="3" type="stmt"/>
      <line num="20" count="3" type="stmt"/>
      <line num="21" count="3" type="stmt"/>
      <line num="22" count="3" type="stmt"/>
      <line num="23" count="3" type="stmt"/>
      <line num="25" count="2" type="stmt"/>
      <line num="29" count="1" type="stmt"/>
      <line num="30" count="2" type="stmt"/>
      <line num="31" count="2" type="cond" truecount="2" falsecount="0"/>
      <line num="32" count="2" type="stmt"/>
    </file>
  </project>
</coverage>
