TN:
SF:C:\Users\Vladimir\Downloads\Netology\Домашние задания продвинутый Javascript\Prototypes\2nd task\src\js\character.js
FN:1,Character
FN:14,(anonymous_1)
FN:29,damage
FNF:3
FNH:3
FNDA:5,Character
FNDA:12,(anonymous_1)
FNDA:2,damage
DA:2,5
DA:3,5
DA:5,4
DA:14,12
DA:16,4
DA:18,3
DA:19,3
DA:20,3
DA:21,3
DA:22,3
DA:23,3
DA:25,2
DA:29,1
DA:30,2
DA:31,2
DA:32,2
LF:16
LH:16
BRDA:3,0,0,1
BRDA:3,0,1,4
BRDA:3,1,0,5
BRDA:3,1,1,5
BRDA:16,2,0,1
BRDA:16,2,1,3
BRDA:31,3,0,1
BRDA:31,3,1,1
BRF:8
BRH:8
end_of_record
